<?xml version="1.0" encoding="UTF-8"?>
<testsuite name="Inicio de sesion en sucursal virtual personas Bancolombia" tests="2" skipped="0" failures="0" errors="0" timestamp="2022-12-20T16:31:34" hostname="CAMILO" time="0.075">
  <properties/>
  <testcase name="Inicio de sesion fallido" classname="Inicio de sesion en sucursal virtual personas Bancolombia" time="0.066"/>
  <testcase name="Inicio de sesion exitoso" classname="Inicio de sesion en sucursal virtual personas Bancolombia" time="0.008"/>
  <system-out><![CDATA[
Escenario: Inicio de sesion fallido                                           ?[90m# src/test/resources/features/InicioDeSesion.feature:11?[0m
  ?[32mDado ?[0m?[32mque el cliente navego hasta el inicio de sesion de la sucursal virtual?[0m ?[90m# stepdefinitions.InicioDeSesionStep.queElClienteNavegoHastaElInicioDeSesionDeLaSucursalVirtual()?[0m
  ?[32mCuando ?[0m?[32mel cliente suministra credenciales incorrectas y confirma?[0m            ?[90m# stepdefinitions.InicioDeSesionStep.elClienteSuministraCredencialesIncorrectasYConfirma()?[0m
  ?[32mEntonces ?[0m?[32mse mostrara mensaje de error de inicio de sesion fallida?[0m           ?[90m# stepdefinitions.InicioDeSesionStep.seMostraraMensajeDeErrorDeInicioDeSesionFallida()?[0m

Escenario: Inicio de sesion exitoso                                           ?[90m# src/test/resources/features/InicioDeSesion.feature:16?[0m
  ?[32mDado ?[0m?[32mque el cliente navego hasta el inicio de sesion de la sucursal virtual?[0m ?[90m# stepdefinitions.InicioDeSesionStep.queElClienteNavegoHastaElInicioDeSesionDeLaSucursalVirtual()?[0m
  ?[32mCuando ?[0m?[32mel cliente suministra credenciales correctas y confirma?[0m              ?[90m# stepdefinitions.InicioDeSesionStep.elClienteSuministraCredencialesCorrectasYConfirma()?[0m
  ?[32mEntonces ?[0m?[32mse ingresara a la sucursal virtual personas de manera exitosa?[0m      ?[90m# stepdefinitions.InicioDeSesionStep.seIngresaraALaSucursalVirtualPersonasDeManeraExitosa()?[0m
]]></system-out>
  <system-err><![CDATA[]]></system-err>
</testsuite>
